<?xml version="1.0" encoding="UTF-8"?>
<testng-results skipped="0" failed="1" total="1" passed="0">
  <reporter-output>
    <line>
      <![CDATA[Was performed on id("email")<br>]]>
    </line>
    <line>
      <![CDATA[Element tag input<br><br>]]>
    </line>
    <line>
      <![CDATA[Was performed on id("passwd")<br>]]>
    </line>
    <line>
      <![CDATA[Element tag input<br><br>]]>
    </line>
    <line>
      <![CDATA[Was performed on id("email")<br>]]>
    </line>
    <line>
      <![CDATA[Element tag input<br><br>]]>
    </line>
    <line>
      <![CDATA[Was performed on id("passwd")<br>]]>
    </line>
    <line>
      <![CDATA[Element tag input<br><br>]]>
    </line>
    <line>
      <![CDATA[Was cliked on webelement id("signin")<br>]]>
    </line>
    <line>
      <![CDATA[Element tag input<br><br>]]>
    </line>
    <line>
      <![CDATA[Loging to User Account Page with mail seleniumjavatest@gmail.com and password Javatest1]]>
    </line>
    <line>
      <![CDATA[Was cliked on webelement id(":51")/div[1]/div[1]<br>]]>
    </line>
    <line>
      <![CDATA[Element tag div<br>НАПИСАТИ<br>]]>
    </line>
    <line>
      <![CDATA[Test Status: Failed]]>
    </line>
    <line>
      <![CDATA[<a href=C:\Users\Yura\workspace\TestGmail/target/screenshots/openUserPage/openUserPage_08_11_2014_07_13_55.png target='_blank' ><p><br/><img src="file:///C:\Users\Yura\workspace\TestGmail/target/screenshots/openUserPage/openUserPage_08_11_2014_07_13_55.png" width="600" height="338" alt=""/><br/></p></a>]]>
    </line>
  </reporter-output>
  <suite name="TestingBasics" duration-ms="67458" started-at="2014-11-08T17:12:49Z" finished-at="2014-11-08T17:13:57Z">
    <groups>
      <group name="group">
        <method signature="LoginPageTestSuite.openUserPage()[pri:0, instance:com.gmail.testcases.LoginPageTestSuite@72d3f17d]" name="openUserPage" class="com.gmail.testcases.LoginPageTestSuite"/>
      </group> <!-- group -->
    </groups>
    <test name="TestLQAS" duration-ms="67458" started-at="2014-11-08T17:12:49Z" finished-at="2014-11-08T17:13:57Z">
      <class name="com.gmail.testcases.LoginPageTestSuite">
        <test-method status="PASS" signature="init(java.lang.String)[pri:0, instance:com.gmail.testcases.LoginPageTestSuite@72d3f17d]" name="init" is-config="true" duration-ms="12502" started-at="2014-11-08T19:12:49Z" finished-at="2014-11-08T19:13:02Z">
          <params>
            <param index="0">
              <value>
                <![CDATA[chrome]]>
              </value>
            </param>
          </params>
          <reporter-output>
          </reporter-output>
        </test-method> <!-- init -->
        <test-method status="FAIL" signature="openUserPage()[pri:0, instance:com.gmail.testcases.LoginPageTestSuite@72d3f17d]" name="openUserPage" duration-ms="49952" started-at="2014-11-08T19:13:02Z" finished-at="2014-11-08T19:13:52Z">
          <exception class="org.openqa.selenium.NoSuchElementException">
            <message>
              <![CDATA[no such element
  (Session info: chrome=38.0.2125.111)
  (Driver info: chromedriver=2.8.241075,platform=Windows NT 6.1 SP1 x86_64) (WARNING: The server did not provide any stacktrace information)
Command duration or timeout: 33.44 seconds
For documentation on this error, please visit: http://seleniumhq.org/exceptions/no_such_element.html
Build info: version: '2.44.0', revision: '76d78cf323ce037c5f92db6c1bba601c2ac43ad8', time: '2014-10-23 13:11:40'
System info: host: 'Yura-PC', ip: '192.168.1.3', os.name: 'Windows 7', os.arch: 'amd64', os.version: '6.1', java.version: '1.7.0_45'
Session ID: 340c691609ebe1f8adf04f36aecc7b34
Driver info: org.openqa.selenium.chrome.ChromeDriver
Capabilities [{platform=XP, acceptSslCerts=true, javascriptEnabled=true, browserName=chrome, chrome={userDataDir=C:\Users\Yura\AppData\Local\Temp\scoped_dir1624_5751}, rotatable=false, locationContextEnabled=true, version=38.0.2125.111, takesHeapSnapshot=true, cssSelectorsEnabled=true, databaseEnabled=false, handlesAlerts=true, browserConnectionEnabled=false, webStorageEnabled=true, nativeEvents=true, applicationCacheEnabled=false, takesScreenshot=true}]]]>
            </message>
            <full-stacktrace>
              <![CDATA[org.openqa.selenium.NoSuchElementException: no such element
  (Session info: chrome=38.0.2125.111)
  (Driver info: chromedriver=2.8.241075,platform=Windows NT 6.1 SP1 x86_64) (WARNING: The server did not provide any stacktrace information)
Command duration or timeout: 33.44 seconds
For documentation on this error, please visit: http://seleniumhq.org/exceptions/no_such_element.html
Build info: version: '2.44.0', revision: '76d78cf323ce037c5f92db6c1bba601c2ac43ad8', time: '2014-10-23 13:11:40'
System info: host: 'Yura-PC', ip: '192.168.1.3', os.name: 'Windows 7', os.arch: 'amd64', os.version: '6.1', java.version: '1.7.0_45'
Session ID: 340c691609ebe1f8adf04f36aecc7b34
Driver info: org.openqa.selenium.chrome.ChromeDriver
Capabilities [{platform=XP, acceptSslCerts=true, javascriptEnabled=true, browserName=chrome, chrome={userDataDir=C:\Users\Yura\AppData\Local\Temp\scoped_dir1624_5751}, rotatable=false, locationContextEnabled=true, version=38.0.2125.111, takesHeapSnapshot=true, cssSelectorsEnabled=true, databaseEnabled=false, handlesAlerts=true, browserConnectionEnabled=false, webStorageEnabled=true, nativeEvents=true, applicationCacheEnabled=false, takesScreenshot=true}]
	at sun.reflect.NativeConstructorAccessorImpl.newInstance0(Native Method)
	at sun.reflect.NativeConstructorAccessorImpl.newInstance(NativeConstructorAccessorImpl.java:57)
	at sun.reflect.DelegatingConstructorAccessorImpl.newInstance(DelegatingConstructorAccessorImpl.java:45)
	at java.lang.reflect.Constructor.newInstance(Constructor.java:526)
	at org.openqa.selenium.remote.ErrorHandler.createThrowable(ErrorHandler.java:204)
	at org.openqa.selenium.remote.ErrorHandler.throwIfResponseFailed(ErrorHandler.java:156)
	at org.openqa.selenium.remote.RemoteWebDriver.execute(RemoteWebDriver.java:599)
	at org.openqa.selenium.remote.RemoteWebDriver.findElement(RemoteWebDriver.java:352)
	at org.openqa.selenium.remote.RemoteWebDriver.findElementByXPath(RemoteWebDriver.java:449)
	at org.openqa.selenium.By$ByXPath.findElement(By.java:357)
	at org.openqa.selenium.remote.RemoteWebDriver.findElement(RemoteWebDriver.java:344)
	at sun.reflect.NativeMethodAccessorImpl.invoke0(Native Method)
	at sun.reflect.NativeMethodAccessorImpl.invoke(NativeMethodAccessorImpl.java:57)
	at sun.reflect.DelegatingMethodAccessorImpl.invoke(DelegatingMethodAccessorImpl.java:43)
	at java.lang.reflect.Method.invoke(Method.java:606)
	at org.openqa.selenium.support.events.EventFiringWebDriver$2.invoke(EventFiringWebDriver.java:101)
	at com.sun.proxy.$Proxy9.findElement(Unknown Source)
	at org.openqa.selenium.support.events.EventFiringWebDriver.findElement(EventFiringWebDriver.java:184)
	at com.gmail.allpages.AccountPage.writeMail(AccountPage.java:60)
	at com.gmail.testcases.LoginPageTestSuite.openUserPage(LoginPageTestSuite.java:15)
	at sun.reflect.NativeMethodAccessorImpl.invoke0(Native Method)
	at sun.reflect.NativeMethodAccessorImpl.invoke(NativeMethodAccessorImpl.java:57)
	at sun.reflect.DelegatingMethodAccessorImpl.invoke(DelegatingMethodAccessorImpl.java:43)
	at java.lang.reflect.Method.invoke(Method.java:606)
	at org.testng.internal.MethodInvocationHelper.invokeMethod(MethodInvocationHelper.java:80)
	at org.testng.internal.Invoker.invokeMethod(Invoker.java:714)
	at org.testng.internal.Invoker.invokeTestMethod(Invoker.java:901)
	at org.testng.internal.Invoker.invokeTestMethods(Invoker.java:1231)
	at org.testng.internal.TestMethodWorker.invokeTestMethods(TestMethodWorker.java:127)
	at org.testng.internal.TestMethodWorker.run(TestMethodWorker.java:111)
	at org.testng.TestRunner.privateRun(TestRunner.java:767)
	at org.testng.TestRunner.run(TestRunner.java:617)
	at org.testng.SuiteRunner.runTest(SuiteRunner.java:334)
	at org.testng.SuiteRunner.runSequentially(SuiteRunner.java:329)
	at org.testng.SuiteRunner.privateRun(SuiteRunner.java:291)
	at org.testng.SuiteRunner.run(SuiteRunner.java:240)
	at org.testng.SuiteRunnerWorker.runSuite(SuiteRunnerWorker.java:52)
	at org.testng.SuiteRunnerWorker.run(SuiteRunnerWorker.java:86)
	at org.testng.TestNG.runSuitesSequentially(TestNG.java:1198)
	at org.testng.TestNG.runSuitesLocally(TestNG.java:1123)
	at org.testng.TestNG.run(TestNG.java:1031)
	at org.apache.maven.surefire.testng.TestNGExecutor.run(TestNGExecutor.java:122)
	at org.apache.maven.surefire.testng.TestNGXmlTestSuite.execute(TestNGXmlTestSuite.java:88)
	at org.apache.maven.surefire.testng.TestNGProvider.invoke(TestNGProvider.java:104)
	at sun.reflect.NativeMethodAccessorImpl.invoke0(Native Method)
	at sun.reflect.NativeMethodAccessorImpl.invoke(NativeMethodAccessorImpl.java:57)
	at sun.reflect.DelegatingMethodAccessorImpl.invoke(DelegatingMethodAccessorImpl.java:43)
	at java.lang.reflect.Method.invoke(Method.java:606)
	at org.apache.maven.surefire.booter.ProviderFactory$ClassLoaderProxy.invoke(ProviderFactory.java:103)
	at com.sun.proxy.$Proxy0.invoke(Unknown Source)
	at org.apache.maven.surefire.booter.SurefireStarter.invokeProvider(SurefireStarter.java:150)
	at org.apache.maven.surefire.booter.SurefireStarter.runSuitesInProcess(SurefireStarter.java:91)
	at org.apache.maven.surefire.booter.ForkedBooter.main(ForkedBooter.java:69)
]]>
            </full-stacktrace>
          </exception> <!-- org.openqa.selenium.NoSuchElementException -->
          <reporter-output>
            <line>
              <![CDATA[Was performed on id("email")<br>]]>
            </line>
            <line>
              <![CDATA[Element tag input<br><br>]]>
            </line>
            <line>
              <![CDATA[Was performed on id("passwd")<br>]]>
            </line>
            <line>
              <![CDATA[Element tag input<br><br>]]>
            </line>
            <line>
              <![CDATA[Was performed on id("email")<br>]]>
            </line>
            <line>
              <![CDATA[Element tag input<br><br>]]>
            </line>
            <line>
              <![CDATA[Was performed on id("passwd")<br>]]>
            </line>
            <line>
              <![CDATA[Element tag input<br><br>]]>
            </line>
            <line>
              <![CDATA[Was cliked on webelement id("signin")<br>]]>
            </line>
            <line>
              <![CDATA[Element tag input<br><br>]]>
            </line>
            <line>
              <![CDATA[Loging to User Account Page with mail seleniumjavatest@gmail.com and password Javatest1]]>
            </line>
            <line>
              <![CDATA[Was cliked on webelement id(":51")/div[1]/div[1]<br>]]>
            </line>
            <line>
              <![CDATA[Element tag div<br>НАПИСАТИ<br>]]>
            </line>
            <line>
              <![CDATA[Test Status: Failed]]>
            </line>
            <line>
              <![CDATA[<a href=C:\Users\Yura\workspace\TestGmail/target/screenshots/openUserPage/openUserPage_08_11_2014_07_13_55.png target='_blank' ><p><br/><img src="file:///C:\Users\Yura\workspace\TestGmail/target/screenshots/openUserPage/openUserPage_08_11_2014_07_13_55.png" width="600" height="338" alt=""/><br/></p></a>]]>
            </line>
          </reporter-output>
        </test-method> <!-- openUserPage -->
        <test-method status="PASS" signature="reopenApp()[pri:0, instance:com.gmail.testcases.LoginPageTestSuite@72d3f17d]" name="reopenApp" is-config="true" duration-ms="1504" started-at="2014-11-08T19:13:55Z" finished-at="2014-11-08T19:13:57Z">
          <reporter-output>
          </reporter-output>
        </test-method> <!-- reopenApp -->
      </class> <!-- com.gmail.testcases.LoginPageTestSuite -->
    </test> <!-- TestLQAS -->
  </suite> <!-- TestingBasics -->
</testng-results>
