<?xml version="1.0" encoding="UTF-8"?>
<testng-results skipped="0" failed="0" total="1" passed="1">
  <reporter-output>
    <line>
      <![CDATA[Was performed on id("email")<br>]]>
    </line>
    <line>
      <![CDATA[Element tag input<br><br>]]>
    </line>
    <line>
      <![CDATA[Was performed on id("passwd")<br>]]>
    </line>
    <line>
      <![CDATA[Element tag input<br><br>]]>
    </line>
    <line>
      <![CDATA[Was performed on id("email")<br>]]>
    </line>
    <line>
      <![CDATA[Element tag input<br><br>]]>
    </line>
    <line>
      <![CDATA[Was performed on id("passwd")<br>]]>
    </line>
    <line>
      <![CDATA[Element tag input<br><br>]]>
    </line>
    <line>
      <![CDATA[Was cliked on webelement id("signin")<br>]]>
    </line>
    <line>
      <![CDATA[Element tag input<br><br>]]>
    </line>
    <line>
      <![CDATA[Loging to User Account Page with mail testcaseleniumjava@gmail.com and password testcase]]>
    </line>
    <line>
      <![CDATA[Was cliked on webelement id(":4i")/div[1]/div[1]<br>]]>
    </line>
    <line>
      <![CDATA[Element tag div<br>Õ¿œ»—¿“»<br>]]>
    </line>
    <line>
      <![CDATA[Was performed on id(":a2")<br>]]>
    </line>
    <line>
      <![CDATA[Element tag div<br>Test mail with selenium<br>]]>
    </line>
    <line>
      <![CDATA[Was cliked on webelement id(":8q")<br>]]>
    </line>
    <line>
      <![CDATA[Element tag div<br>Õ‡‰≥ÒÎ‡ÚË<br>]]>
    </line>
    <line>
      <![CDATA[Allert error]]>
    </line>
    <line>
      <![CDATA[Test Status: Pass]]>
    </line>
    <line>
      <![CDATA[<a href=C:\Users\Yura\Downloads\TestGmailYurii\TestGmailYurii/target/screenshots/openUserPage/openUserPage_07_05_2015_01_03_37.png target='_blank' ><p><br/><img src="file:///C:\Users\Yura\Downloads\TestGmailYurii\TestGmailYurii/target/screenshots/openUserPage/openUserPage_07_05_2015_01_03_37.png" width="600" height="338" alt=""/><br/></p></a>]]>
    </line>
  </reporter-output>
  <suite name="TestingBasics" duration-ms="34162" started-at="2015-05-07T10:03:04Z" finished-at="2015-05-07T10:03:38Z">
    <groups>
      <group name="group">
        <method signature="AccountPageTestSuite.openUserPage()[pri:0, instance:com.gmail.testcases.AccountPageTestSuite@259f1b1d]" name="openUserPage" class="com.gmail.testcases.AccountPageTestSuite"/>
      </group> <!-- group -->
    </groups>
    <test name="TestGmail" duration-ms="34162" started-at="2015-05-07T10:03:04Z" finished-at="2015-05-07T10:03:38Z">
      <class name="com.gmail.testcases.AccountPageTestSuite">
        <test-method status="PASS" signature="init(java.lang.String)[pri:0, instance:com.gmail.testcases.AccountPageTestSuite@259f1b1d]" name="init" is-config="true" duration-ms="12768" started-at="2015-05-07T13:03:04Z" finished-at="2015-05-07T13:03:16Z">
          <params>
            <param index="0">
              <value>
                <![CDATA[firefox]]>
              </value>
            </param>
          </params>
          <reporter-output>
          </reporter-output>
        </test-method> <!-- init -->
        <test-method status="PASS" signature="openUserPage()[pri:0, instance:com.gmail.testcases.AccountPageTestSuite@259f1b1d]" name="openUserPage" duration-ms="17371" started-at="2015-05-07T13:03:16Z" finished-at="2015-05-07T13:03:34Z">
          <reporter-output>
            <line>
              <![CDATA[Was performed on id("email")<br>]]>
            </line>
            <line>
              <![CDATA[Element tag input<br><br>]]>
            </line>
            <line>
              <![CDATA[Was performed on id("passwd")<br>]]>
            </line>
            <line>
              <![CDATA[Element tag input<br><br>]]>
            </line>
            <line>
              <![CDATA[Was performed on id("email")<br>]]>
            </line>
            <line>
              <![CDATA[Element tag input<br><br>]]>
            </line>
            <line>
              <![CDATA[Was performed on id("passwd")<br>]]>
            </line>
            <line>
              <![CDATA[Element tag input<br><br>]]>
            </line>
            <line>
              <![CDATA[Was cliked on webelement id("signin")<br>]]>
            </line>
            <line>
              <![CDATA[Element tag input<br><br>]]>
            </line>
            <line>
              <![CDATA[Loging to User Account Page with mail testcaseleniumjava@gmail.com and password testcase]]>
            </line>
            <line>
              <![CDATA[Was cliked on webelement id(":4i")/div[1]/div[1]<br>]]>
            </line>
            <line>
              <![CDATA[Element tag div<br>Õ¿œ»—¿“»<br>]]>
            </line>
            <line>
              <![CDATA[Was performed on id(":a2")<br>]]>
            </line>
            <line>
              <![CDATA[Element tag div<br>Test mail with selenium<br>]]>
            </line>
            <line>
              <![CDATA[Was cliked on webelement id(":8q")<br>]]>
            </line>
            <line>
              <![CDATA[Element tag div<br>Õ‡‰≥ÒÎ‡ÚË<br>]]>
            </line>
            <line>
              <![CDATA[Allert error]]>
            </line>
            <line>
              <![CDATA[Test Status: Pass]]>
            </line>
            <line>
              <![CDATA[<a href=C:\Users\Yura\Downloads\TestGmailYurii\TestGmailYurii/target/screenshots/openUserPage/openUserPage_07_05_2015_01_03_37.png target='_blank' ><p><br/><img src="file:///C:\Users\Yura\Downloads\TestGmailYurii\TestGmailYurii/target/screenshots/openUserPage/openUserPage_07_05_2015_01_03_37.png" width="600" height="338" alt=""/><br/></p></a>]]>
            </line>
          </reporter-output>
        </test-method> <!-- openUserPage -->
        <test-method status="PASS" signature="reopenApp()[pri:0, instance:com.gmail.testcases.AccountPageTestSuite@259f1b1d]" name="reopenApp" is-config="true" duration-ms="674" started-at="2015-05-07T13:03:37Z" finished-at="2015-05-07T13:03:38Z">
          <reporter-output>
          </reporter-output>
        </test-method> <!-- reopenApp -->
      </class> <!-- com.gmail.testcases.AccountPageTestSuite -->
    </test> <!-- TestGmail -->
  </suite> <!-- TestingBasics -->
</testng-results>
